<?xml version="1.0" encoding="UTF-8"?><testsuite name="nosetests" tests="1" errors="0" failures="1" skip="0"><testcase classname="testsuite.test_get.TestQTS" name="test_qts" time="10.026"><failure type="exceptions.AssertionError" message="QTS system file reader is timeout after [10] seconds&#10;-------------------- &gt;&gt; begin captured logging &lt;&lt; --------------------&#10;api_testsuite: INFO: Testcase test_qts Started at 1573953942.01&#10;api_testsuite: INFO: Config is {u'XML': {u'format': u'&lt;program&gt;&lt;name&gt;program_name&lt;/name&gt;&lt;/program&gt;'}, u'Program': {u'name': u'new_program_name'}, u'Consumer': {u'url': u'http://wfe/processes', u'timeout': u'180'}, u'QTS': {u'folder': u'/tmp/', u'timeout': u'10'}, u'MediaManager': {u'url': u'http://mm/entities/program/program_name'}} STARTED&#10;api_testsuite: INFO: test_qts STARTED&#10;api_testsuite: INFO: Create file [new_program_name.xml] in path [/tmp/] with content [&lt;program&gt;&lt;name&gt;new_program_name&lt;/name&gt;&lt;/program&gt;]&#10;api_testsuite: INFO: Check if file exists [new_program_name.xml] in path [/tmp/]: [True]&#10;api_testsuite: INFO: Sleep [1] seconds&#10;api_testsuite: INFO: Check if file exists [new_program_name.xml] in path [/tmp/]: [True]&#10;api_testsuite: INFO: Sleep [1] seconds&#10;api_testsuite: INFO: Check if file exists [new_program_name.xml] in path [/tmp/]: [True]&#10;api_testsuite: INFO: Sleep [1] seconds&#10;api_testsuite: INFO: Check if file exists [new_program_name.xml] in path [/tmp/]: [True]&#10;api_testsuite: INFO: Sleep [1] seconds&#10;api_testsuite: INFO: Check if file exists [new_program_name.xml] in path [/tmp/]: [True]&#10;api_testsuite: INFO: Sleep [1] seconds&#10;api_testsuite: INFO: Check if file exists [new_program_name.xml] in path [/tmp/]: [True]&#10;api_testsuite: INFO: Sleep [1] seconds&#10;api_testsuite: INFO: Check if file exists [new_program_name.xml] in path [/tmp/]: [True]&#10;api_testsuite: INFO: Sleep [1] seconds&#10;api_testsuite: INFO: Check if file exists [new_program_name.xml] in path [/tmp/]: [True]&#10;api_testsuite: INFO: Sleep [1] seconds&#10;api_testsuite: INFO: Check if file exists [new_program_name.xml] in path [/tmp/]: [True]&#10;api_testsuite: INFO: Sleep [1] seconds&#10;api_testsuite: INFO: Check if file exists [new_program_name.xml] in path [/tmp/]: [True]&#10;api_testsuite: INFO: Sleep [1] seconds&#10;--------------------- &gt;&gt; end captured logging &lt;&lt; ---------------------"><![CDATA[  File "/usr/lib/python2.7/unittest/case.py", line 329, in run
    testMethod()
  File "/home/user/Downloads/TestUsingUnitTest/testsuite/test_get.py", line 26, in test_qts
    self.assertFalse(exists, 'QTS system file reader is timeout after [%s] seconds' % self.test_config['QTS']['timeout'])
  File "/usr/lib/python2.7/unittest/case.py", line 416, in assertFalse
    raise self.failureException(msg)
"QTS system file reader is timeout after [10] seconds\n-------------------- >> begin captured logging << --------------------\napi_testsuite: INFO: Testcase test_qts Started at 1573953942.01\napi_testsuite: INFO: Config is {u'XML': {u'format': u'<program><name>program_name</name></program>'}, u'Program': {u'name': u'new_program_name'}, u'Consumer': {u'url': u'http://wfe/processes', u'timeout': u'180'}, u'QTS': {u'folder': u'/tmp/', u'timeout': u'10'}, u'MediaManager': {u'url': u'http://mm/entities/program/program_name'}} STARTED\napi_testsuite: INFO: test_qts STARTED\napi_testsuite: INFO: Create file [new_program_name.xml] in path [/tmp/] with content [<program><name>new_program_name</name></program>]\napi_testsuite: INFO: Check if file exists [new_program_name.xml] in path [/tmp/]: [True]\napi_testsuite: INFO: Sleep [1] seconds\napi_testsuite: INFO: Check if file exists [new_program_name.xml] in path [/tmp/]: [True]\napi_testsuite: INFO: Sleep [1] seconds\napi_testsuite: INFO: Check if file exists [new_program_name.xml] in path [/tmp/]: [True]\napi_testsuite: INFO: Sleep [1] seconds\napi_testsuite: INFO: Check if file exists [new_program_name.xml] in path [/tmp/]: [True]\napi_testsuite: INFO: Sleep [1] seconds\napi_testsuite: INFO: Check if file exists [new_program_name.xml] in path [/tmp/]: [True]\napi_testsuite: INFO: Sleep [1] seconds\napi_testsuite: INFO: Check if file exists [new_program_name.xml] in path [/tmp/]: [True]\napi_testsuite: INFO: Sleep [1] seconds\napi_testsuite: INFO: Check if file exists [new_program_name.xml] in path [/tmp/]: [True]\napi_testsuite: INFO: Sleep [1] seconds\napi_testsuite: INFO: Check if file exists [new_program_name.xml] in path [/tmp/]: [True]\napi_testsuite: INFO: Sleep [1] seconds\napi_testsuite: INFO: Check if file exists [new_program_name.xml] in path [/tmp/]: [True]\napi_testsuite: INFO: Sleep [1] seconds\napi_testsuite: INFO: Check if file exists [new_program_name.xml] in path [/tmp/]: [True]\napi_testsuite: INFO: Sleep [1] seconds\n--------------------- >> end captured logging << ---------------------"]]></failure></testcase></testsuite>